#
# There is insufficient memory for the Java Runtime Environment to continue.
# Native memory allocation (malloc) failed to allocate 1046176 bytes for Chunk::new
# Possible reasons:
#   The system is out of physical RAM or swap space
#   In 32 bit mode, the process size limit was hit
# Possible solutions:
#   Reduce memory load on the system
#   Increase physical memory or swap space
#   Check if swap backing store is full
#   Use 64 bit Java on a 64 bit OS
#   Decrease Java heap size (-Xmx/-Xms)
#   Decrease number of Java threads
#   Decrease Java thread stack sizes (-Xss)
#   Set larger code cache with -XX:ReservedCodeCacheSize=
# This output file may be truncated or incomplete.
#
#  Out of Memory Error (allocation.cpp:390), pid=5028, tid=0x00000000000011dc
#
# JRE version: Java(TM) SE Runtime Environment (8.0_144-b01) (build 1.8.0_144-b01)
# Java VM: Java HotSpot(TM) 64-Bit Server VM (25.144-b01 mixed mode windows-amd64 compressed oops)
# Failed to write core dump. Minidumps are not enabled by default on client versions of Windows
#

---------------  T H R E A D  ---------------

Current thread (0x0000000016fde000):  JavaThread "C2 CompilerThread1" daemon [_thread_in_native, id=4572, stack(0x0000000018a00000,0x0000000018b00000)]

Stack: [0x0000000018a00000,0x0000000018b00000]
[error occurred during error reporting (printing stack bounds), id 0xc0000005]

Native frames: (J=compiled Java code, j=interpreted, Vv=VM code, C=native code)


Current CompileTask:
C2: 293546 18931       4       com.android.tools.r8.ir.code.Phi::removeTrivialPhi (304 bytes)


---------------  P R O C E S S  ---------------

Java Threads: ( => current thread )
  0x000000001fc61800 JavaThread "pool-10-thread-2" [_thread_in_vm, id=8032, stack(0x0000000028d70000,0x0000000028e70000)]
  0x000000001fc58000 JavaThread "pool-10-thread-1" [_thread_in_vm, id=15968, stack(0x0000000028c70000,0x0000000028d70000)]
  0x000000001fc57000 JavaThread "pool-9-thread-2" [_thread_in_Java, id=2624, stack(0x0000000028b70000,0x0000000028c70000)]
  0x000000001fc5e000 JavaThread "pool-9-thread-1" [_thread_blocked, id=3396, stack(0x0000000028a70000,0x0000000028b70000)]
  0x000000001fc5e800 JavaThread "pool-8-thread-2" [_thread_blocked, id=11684, stack(0x0000000028970000,0x0000000028a70000)]
  0x000000001fc5f800 JavaThread "pool-8-thread-1" [_thread_blocked, id=11184, stack(0x0000000028870000,0x0000000028970000)]
  0x000000001fc56800 JavaThread "ForkJoinPool.commonPool-worker-0" daemon [_thread_blocked, id=5324, stack(0x0000000028170000,0x0000000028270000)]
  0x000000001fc5d000 JavaThread "ForkJoinPool.commonPool-worker-1" daemon [_thread_blocked, id=15624, stack(0x0000000028070000,0x0000000028170000)]
  0x000000001fc5c800 JavaThread "ForkJoinPool.commonPool-worker-2" daemon [_thread_blocked, id=3468, stack(0x0000000027d70000,0x0000000027e70000)]
  0x000000001fc59800 JavaThread "Worker Daemon Execution" [_thread_blocked, id=15904, stack(0x0000000027670000,0x0000000027770000)]
  0x000000001fc5a000 JavaThread "Cache worker for Java compile cache (C:\Users\SERIN\Bridge-Android\.gradle\4.4\javaCompile)" [_thread_blocked, id=16656, stack(0x00000000265a0000,0x00000000266a0000)]
  0x000000001fc5b000 JavaThread "RMI TCP Connection(idle)" daemon [_thread_blocked, id=13528, stack(0x00000000264a0000,0x00000000265a0000)]
  0x00000000199c8000 JavaThread "RMI Reaper" [_thread_blocked, id=15716, stack(0x00000000263a0000,0x00000000264a0000)]
  0x000000001c27e000 JavaThread "RMI TCP Accept-0" daemon [_thread_in_native, id=12736, stack(0x00000000262a0000,0x00000000263a0000)]
  0x000000001c284800 JavaThread "GC Daemon" daemon [_thread_blocked, id=6324, stack(0x00000000261a0000,0x00000000262a0000)]
  0x000000001c282800 JavaThread "RMI Scheduler(0)" daemon [_thread_blocked, id=13080, stack(0x0000000025fa0000,0x00000000260a0000)]
  0x000000001c279800 JavaThread "Task worker for ':' Thread 3" [_thread_blocked, id=9156, stack(0x0000000023fa0000,0x00000000240a0000)]
  0x000000001c280000 JavaThread "Task worker for ':' Thread 2" [_thread_in_native, id=9536, stack(0x0000000023ea0000,0x0000000023fa0000)]
  0x000000001c27f800 JavaThread "Task worker for ':'" [_thread_blocked, id=13084, stack(0x0000000023da0000,0x0000000023ea0000)]
  0x000000001c278000 JavaThread "Cache worker for Build Output Cleanup Cache (C:\Users\SERIN\Bridge-Android\.gradle\buildOutputCleanup)" [_thread_blocked, id=14772, stack(0x0000000023aa0000,0x0000000023ba0000)]
  0x000000001c27e800 JavaThread "Cache worker for task history cache (C:\Users\SERIN\Bridge-Android\.gradle\4.4\taskHistory)" [_thread_blocked, id=11944, stack(0x00000000239a0000,0x0000000023aa0000)]
  0x000000001c277000 JavaThread "Cache worker for file content cache (C:\Users\SERIN\Bridge-Android\.gradle\4.4\fileContent)" [_thread_blocked, id=15720, stack(0x0000000021d70000,0x0000000021e70000)]
  0x000000001c276800 JavaThread "Memory manager" [_thread_blocked, id=10684, stack(0x0000000021670000,0x0000000021770000)]
  0x000000001c27d000 JavaThread "build operations Thread 4" [_thread_blocked, id=7848, stack(0x0000000020d70000,0x0000000020e70000)]
  0x000000001c27c800 JavaThread "build operations Thread 3" [_thread_blocked, id=12548, stack(0x0000000020c70000,0x0000000020d70000)]
  0x000000001c278800 JavaThread "build operations Thread 2" [_thread_blocked, id=12416, stack(0x0000000020b70000,0x0000000020c70000)]
  0x000000001c27b800 JavaThread "build operations" [_thread_blocked, id=15376, stack(0x00000000207c0000,0x00000000208c0000)]
  0x000000001c27a000 JavaThread "Cache worker for Artifact transforms cache (C:\Users\SERIN\.gradle\caches\transforms-1)" [_thread_blocked, id=2936, stack(0x000000001dd50000,0x000000001de50000)]
  0x00000000199c2800 JavaThread "Cache worker for file hash cache (C:\Users\SERIN\Bridge-Android\.gradle\4.4\fileHashes)" [_thread_blocked, id=17152, stack(0x000000001c780000,0x000000001c880000)]
  0x00000000199c8800 JavaThread "File lock request listener" [_thread_in_native, id=208, stack(0x000000001b6b0000,0x000000001b7b0000)]
  0x00000000199c3800 JavaThread "Cache worker for file hash cache (C:\Users\SERIN\.gradle\caches\4.4\fileHashes)" [_thread_blocked, id=15516, stack(0x000000001b5b0000,0x000000001b6b0000)]
  0x00000000199c7000 JavaThread "Asynchronous log dispatcher for DefaultDaemonConnection: socket connection from /127.0.0.1:50417 to /127.0.0.1:50418" [_thread_blocked, id=16760, stack(0x000000001b1b0000,0x000000001b2b0000)]
  0x00000000199c2000 JavaThread "Daemon worker" [_thread_blocked, id=616, stack(0x000000001b0b0000,0x000000001b1b0000)]
  0x00000000199c6800 JavaThread "Cancel handler" [_thread_blocked, id=15852, stack(0x000000001afb0000,0x000000001b0b0000)]
  0x00000000199c5800 JavaThread "Handler for socket connection from /127.0.0.1:50417 to /127.0.0.1:50418" [_thread_in_native, id=13692, stack(0x000000001acb0000,0x000000001adb0000)]
  0x00000000199c5000 JavaThread "Daemon" [_thread_blocked, id=8112, stack(0x000000001abb0000,0x000000001acb0000)]
  0x0000000019da3800 JavaThread "Daemon periodic checks" [_thread_blocked, id=9564, stack(0x000000001aab0000,0x000000001abb0000)]
  0x0000000019da7800 JavaThread "Incoming local TCP Connector on port 50417" [_thread_in_native, id=2916, stack(0x000000001a8d0000,0x000000001a9d0000)]
  0x00000000192b3000 JavaThread "Daemon health stats" [_thread_blocked, id=3516, stack(0x000000001a5d0000,0x000000001a6d0000)]
  0x000000001838a800 JavaThread "Service Thread" daemon [_thread_blocked, id=512, stack(0x0000000018c00000,0x0000000018d00000)]
  0x000000001830f800 JavaThread "C1 CompilerThread2" daemon [_thread_blocked, id=14488, stack(0x0000000018b00000,0x0000000018c00000)]
=>0x0000000016fde000 JavaThread "C2 CompilerThread1" daemon [_thread_in_native, id=4572, stack(0x0000000018a00000,0x0000000018b00000)]
  0x0000000016fdb000 JavaThread "C2 CompilerThread0" daemon [_thread_in_native, id=3480, stack(0x0000000018900000,0x0000000018a00000)]
  0x0000000016fd9000 JavaThread "Attach Listener" daemon [_thread_blocked, id=1004, stack(0x0000000018800000,0x0000000018900000)]
  0x0000000016f8f000 JavaThread "Signal Dispatcher" daemon [_thread_blocked, id=3388, stack(0x0000000018700000,0x0000000018800000)]
  0x000000000360b000 JavaThread "Finalizer" daemon [_thread_blocked, id=2728, stack(0x0000000018200000,0x0000000018300000)]
  0x0000000003600000 JavaThread "Reference Handler" daemon [_thread_blocked, id=9096, stack(0x0000000018100000,0x0000000018200000)]
  0x0000000003513000 JavaThread "main" [_thread_blocked, id=7424, stack(0x0000000003410000,0x0000000003510000)]

Other Threads:
  0x0000000016f47000 VMThread [stack: 0x0000000018000000,0x0000000018100000] [id=14468]
  0x00000000183b3000 WatcherThread [stack: 0x0000000018d00000,0x0000000018e00000] [id=15584]

VM state:not at safepoint (normal execution)

VM Mutex/Monitor currently owned by a thread: None

Heap:
 PSYoungGen      total 346112K, used 54786K [0x00000000e0000000, 0x00000000f9000000, 0x0000000100000000)
  eden space 303616K, 10% used [0x00000000e0000000,0x00000000e1e91658,0x00000000f2880000)
  from space 42496K, 55% used [0x00000000f2880000,0x00000000f3f6f318,0x00000000f5200000)
  to   space 41984K, 0% used [0x00000000f6700000,0x00000000f6700000,0x00000000f9000000)
 ParOldGen       total 119808K, used 69225K [0x00000000a0000000, 0x00000000a7500000, 0x00000000e0000000)
  object space 119808K, 57% used [0x00000000a0000000,0x00000000a439a7d0,0x00000000a7500000)
 Metaspace       used 94418K, capacity 98144K, committed 98216K, reserved 1134592K
  class space    used 12374K, capacity 13186K, committed 13224K, reserved 1048576K

Card table byte_map: [0x00000000129d0000,0x0000000012ce0000] byte_map_base: 0x00000000124d0000

Marking Bits: (ParMarkBitMap*) 0x000000006497d850
 Begin Bits: [0x00000000132e0000, 0x0000000014ae0000)
 End Bits:   [0x0000000014ae0000, 0x00000000162e0000)

Polling page: 0x0000000001100000

CodeCache: size=245760Kb used=52667Kb max_used=52683Kb free=193092Kb
 bounds [0x0000000003610000, 0x00000000069d0000, 0x0000000012610000]
 total_blobs=16420 nmethods=15507 adapters=822
 compilation: enabled

Compilation events (10 events):
Event: 293.403 Thread 0x000000001830f800 19755       3       java.util.AbstractCollection::removeAll (49 bytes)
Event: 293.403 Thread 0x000000001830f800 nmethod 19755 0x00000000069b4f10 code [0x00000000069b5100, 0x00000000069b5898]
Event: 293.428 Thread 0x000000001830f800 19762       2       com.android.tools.r8.ir.conversion.JarState::recordStateForTarget (265 bytes)
Event: 293.430 Thread 0x000000001830f800 nmethod 19762 0x00000000053d3390 code [0x00000000053d35e0, 0x00000000053d4068]
Event: 293.432 Thread 0x000000001830f800 19761       3       com.android.tools.r8.ir.regalloc.LinearScanRegisterAllocator::resolveControlFlow (441 bytes)
Event: 293.436 Thread 0x000000001830f800 nmethod 19761 0x00000000069b5b50 code [0x00000000069b6180, 0x00000000069b9fa8]
Event: 293.440 Thread 0x0000000016fdb000 nmethod 19732 0x00000000069c1150 code [0x00000000069c1360, 0x00000000069c2ce0]
Event: 293.440 Thread 0x0000000016fdb000 19706       4       com.android.tools.r8.it.unimi.dsi.fastutil.ints.Int2ReferenceOpenHashMap::containsKey (70 bytes)
Event: 293.443 Thread 0x0000000016fdb000 nmethod 19706 0x00000000069be010 code [0x00000000069be160, 0x00000000069be2b8]
Event: 293.443 Thread 0x0000000016fdb000 19735       4       com.android.tools.r8.ir.regalloc.LinearScanRegisterAllocator::addLiveRange (266 bytes)

GC Heap History (10 events):
Event: 245.721 GC heap before
{Heap before GC invocations=23 (full 4):
 PSYoungGen      total 289280K, used 255148K [0x00000000e0000000, 0x00000000f7180000, 0x0000000100000000)
  eden space 256000K, 99% used [0x00000000e0000000,0x00000000ef92b3d0,0x00000000efa00000)
  from space 33280K, 0% used [0x00000000f2c80000,0x00000000f2c80000,0x00000000f4d00000)
  to   space 51712K, 0% used [0x00000000efa00000,0x00000000efa00000,0x00000000f2c80000)
 ParOldGen       total 119808K, used 69185K [0x00000000a0000000, 0x00000000a7500000, 0x00000000e0000000)
  object space 119808K, 57% used [0x00000000a0000000,0x00000000a43907d0,0x00000000a7500000)
 Metaspace       used 80593K, capacity 82892K, committed 83496K, reserved 1122304K
  class space    used 10672K, capacity 11188K, committed 11304K, reserved 1048576K
Event: 245.730 GC heap after
Heap after GC invocations=23 (full 4):
 PSYoungGen      total 307712K, used 6810K [0x00000000e0000000, 0x00000000f7400000, 0x0000000100000000)
  eden space 256000K, 0% used [0x00000000e0000000,0x00000000e0000000,0x00000000efa00000)
  from space 51712K, 13% used [0x00000000efa00000,0x00000000f00a6a98,0x00000000f2c80000)
  to   space 50176K, 0% used [0x00000000f4300000,0x00000000f4300000,0x00000000f7400000)
 ParOldGen       total 119808K, used 69193K [0x00000000a0000000, 0x00000000a7500000, 0x00000000e0000000)
  object space 119808K, 57% used [0x00000000a0000000,0x00000000a43927d0,0x00000000a7500000)
 Metaspace       used 80593K, capacity 82892K, committed 83496K, reserved 1122304K
  class space    used 10672K, capacity 11188K, committed 11304K, reserved 1048576K
}
Event: 247.677 GC heap before
{Heap before GC invocations=24 (full 4):
 PSYoungGen      total 307712K, used 262810K [0x00000000e0000000, 0x00000000f7400000, 0x0000000100000000)
  eden space 256000K, 100% used [0x00000000e0000000,0x00000000efa00000,0x00000000efa00000)
  from space 51712K, 13% used [0x00000000efa00000,0x00000000f00a6a98,0x00000000f2c80000)
  to   space 50176K, 0% used [0x00000000f4300000,0x00000000f4300000,0x00000000f7400000)
 ParOldGen       total 119808K, used 69193K [0x00000000a0000000, 0x00000000a7500000, 0x00000000e0000000)
  object space 119808K, 57% used [0x00000000a0000000,0x00000000a43927d0,0x00000000a7500000)
 Metaspace       used 83189K, capacity 85740K, committed 85928K, reserved 1124352K
  class space    used 11020K, capacity 11659K, committed 11688K, reserved 1048576K
Event: 247.695 GC heap after
Heap after GC invocations=24 (full 4):
 PSYoungGen      total 330752K, used 12068K [0x00000000e0000000, 0x00000000f7200000, 0x0000000100000000)
  eden space 282624K, 0% used [0x00000000e0000000,0x00000000e0000000,0x00000000f1400000)
  from space 48128K, 25% used [0x00000000f4300000,0x00000000f4ec9010,0x00000000f7200000)
  to   space 48128K, 0% used [0x00000000f1400000,0x00000000f1400000,0x00000000f4300000)
 ParOldGen       total 119808K, used 69201K [0x00000000a0000000, 0x00000000a7500000, 0x00000000e0000000)
  object space 119808K, 57% used [0x00000000a0000000,0x00000000a43947d0,0x00000000a7500000)
 Metaspace       used 83189K, capacity 85740K, committed 85928K, reserved 1124352K
  class space    used 11020K, capacity 11659K, committed 11688K, reserved 1048576K
}
Event: 268.676 GC heap before
{Heap before GC invocations=25 (full 4):
 PSYoungGen      total 330752K, used 294692K [0x00000000e0000000, 0x00000000f7200000, 0x0000000100000000)
  eden space 282624K, 100% used [0x00000000e0000000,0x00000000f1400000,0x00000000f1400000)
  from space 48128K, 25% used [0x00000000f4300000,0x00000000f4ec9010,0x00000000f7200000)
  to   space 48128K, 0% used [0x00000000f1400000,0x00000000f1400000,0x00000000f4300000)
 ParOldGen       total 119808K, used 69201K [0x00000000a0000000, 0x00000000a7500000, 0x00000000e0000000)
  object space 119808K, 57% used [0x00000000a0000000,0x00000000a43947d0,0x00000000a7500000)
 Metaspace       used 84623K, capacity 87410K, committed 87464K, reserved 1124352K
  class space    used 11197K, capacity 11909K, committed 11944K, reserved 1048576K
Event: 268.697 GC heap after
Heap after GC invocations=25 (full 4):
 PSYoungGen      total 330752K, used 16487K [0x00000000e0000000, 0x00000000f8400000, 0x0000000100000000)
  eden space 282624K, 0% used [0x00000000e0000000,0x00000000e0000000,0x00000000f1400000)
  from space 48128K, 34% used [0x00000000f1400000,0x00000000f2419db0,0x00000000f4300000)
  to   space 45056K, 0% used [0x00000000f5800000,0x00000000f5800000,0x00000000f8400000)
 ParOldGen       total 119808K, used 69209K [0x00000000a0000000, 0x00000000a7500000, 0x00000000e0000000)
  object space 119808K, 57% used [0x00000000a0000000,0x00000000a43967d0,0x00000000a7500000)
 Metaspace       used 84623K, capacity 87410K, committed 87464K, reserved 1124352K
  class space    used 11197K, capacity 11909K, committed 11944K, reserved 1048576K
}
Event: 283.179 GC heap before
{Heap before GC invocations=26 (full 4):
 PSYoungGen      total 330752K, used 299111K [0x00000000e0000000, 0x00000000f8400000, 0x0000000100000000)
  eden space 282624K, 100% used [0x00000000e0000000,0x00000000f1400000,0x00000000f1400000)
  from space 48128K, 34% used [0x00000000f1400000,0x00000000f2419db0,0x00000000f4300000)
  to   space 45056K, 0% used [0x00000000f5800000,0x00000000f5800000,0x00000000f8400000)
 ParOldGen       total 119808K, used 69209K [0x00000000a0000000, 0x00000000a7500000, 0x00000000e0000000)
  object space 119808K, 57% used [0x00000000a0000000,0x00000000a43967d0,0x00000000a7500000)
 Metaspace       used 85885K, capacity 88840K, committed 89128K, reserved 1126400K
  class space    used 11311K, capacity 12038K, committed 12072K, reserved 1048576K
Event: 283.202 GC heap after
Heap after GC invocations=26 (full 4):
 PSYoungGen      total 339968K, used 16877K [0x00000000e0000000, 0x00000000f7b80000, 0x0000000100000000)
  eden space 303616K, 0% used [0x00000000e0000000,0x00000000e0000000,0x00000000f2880000)
  from space 36352K, 46% used [0x00000000f5800000,0x00000000f687b660,0x00000000f7b80000)
  to   space 42496K, 0% used [0x00000000f2880000,0x00000000f2880000,0x00000000f5200000)
 ParOldGen       total 119808K, used 69217K [0x00000000a0000000, 0x00000000a7500000, 0x00000000e0000000)
  object space 119808K, 57% used [0x00000000a0000000,0x00000000a43987d0,0x00000000a7500000)
 Metaspace       used 85885K, capacity 88840K, committed 89128K, reserved 1126400K
  class space    used 11311K, capacity 12038K, committed 12072K, reserved 1048576K
}
Event: 293.271 GC heap before
{Heap before GC invocations=27 (full 4):
 PSYoungGen      total 339968K, used 320493K [0x00000000e0000000, 0x00000000f7b80000, 0x0000000100000000)
  eden space 303616K, 100% used [0x00000000e0000000,0x00000000f2880000,0x00000000f2880000)
  from space 36352K, 46% used [0x00000000f5800000,0x00000000f687b660,0x00000000f7b80000)
  to   space 42496K, 0% used [0x00000000f2880000,0x00000000f2880000,0x00000000f5200000)
 ParOldGen       total 119808K, used 69217K [0x00000000a0000000, 0x00000000a7500000, 0x00000000e0000000)
  object space 119808K, 57% used [0x00000000a0000000,0x00000000a43987d0,0x00000000a7500000)
 Metaspace       used 94416K, capacity 98144K, committed 98216K, reserved 1134592K
  class space    used 12374K, capacity 13186K, committed 13224K, reserved 1048576K
Event: 293.314 GC heap after
Heap after GC invocations=27 (full 4):
 PSYoungGen      total 346112K, used 23484K [0x00000000e0000000, 0x00000000f9000000, 0x0000000100000000)
  eden space 303616K, 0% used [0x00000000e0000000,0x00000000e0000000,0x00000000f2880000)
  from space 42496K, 55% used [0x00000000f2880000,0x00000000f3f6f318,0x00000000f5200000)
  to   space 41984K, 0% used [0x00000000f6700000,0x00000000f6700000,0x00000000f9000000)
 ParOldGen       total 119808K, used 69225K [0x00000000a0000000, 0x00000000a7500000, 0x00000000e0000000)
  object space 119808K, 57% used [0x00000000a0000000,0x00000000a439a7d0,0x00000000a7500000)
 Metaspace       used 94416K, capacity 98144K, committed 98216K, reserved 1134592K
  class space    used 12374K, capacity 13186K, committed 13224K, reserved 1048576K
}

Deoptimization events (10 events):
Event: 293.144 Thread 0x000000001fc63000 Uncommon trap: reason=unstable_if action=reinterpret pc=0x000000000556d1d8 method=java.util.concurrent.locks.AbstractQueuedSynchronizer$ConditionObject.checkInterruptWhileWaiting(Ljava/util/concurrent/locks/AbstractQueuedSynchronizer$Node;)I @ 3
Event: 293.144 Thread 0x000000001fc63000 Uncommon trap: reason=unstable_if action=reinterpret pc=0x0000000003850e60 method=java.util.concurrent.ThreadPoolExecutor.getTask()Ljava/lang/Runnable; @ 16
Event: 293.144 Thread 0x000000001fc57000 Uncommon trap: reason=unstable_if action=reinterpret pc=0x000000000556d1d8 method=java.util.concurrent.locks.AbstractQueuedSynchronizer$ConditionObject.checkInterruptWhileWaiting(Ljava/util/concurrent/locks/AbstractQueuedSynchronizer$Node;)I @ 3
Event: 293.144 Thread 0x000000001fc57000 Uncommon trap: reason=unstable_if action=reinterpret pc=0x0000000003850e60 method=java.util.concurrent.ThreadPoolExecutor.getTask()Ljava/lang/Runnable; @ 16
Event: 293.144 Thread 0x000000001fc58000 Uncommon trap: reason=unstable_if action=reinterpret pc=0x000000000556d1d8 method=java.util.concurrent.locks.AbstractQueuedSynchronizer$ConditionObject.checkInterruptWhileWaiting(Ljava/util/concurrent/locks/AbstractQueuedSynchronizer$Node;)I @ 3
Event: 293.144 Thread 0x000000001fc58000 Uncommon trap: reason=unstable_if action=reinterpret pc=0x0000000003850e60 method=java.util.concurrent.ThreadPoolExecutor.getTask()Ljava/lang/Runnable; @ 16
Event: 293.144 Thread 0x000000001fc5e000 Uncommon trap: reason=unstable_if action=reinterpret pc=0x000000000556d1d8 method=java.util.concurrent.locks.AbstractQueuedSynchronizer$ConditionObject.checkInterruptWhileWaiting(Ljava/util/concurrent/locks/AbstractQueuedSynchronizer$Node;)I @ 3
Event: 293.144 Thread 0x000000001fc5e000 Uncommon trap: reason=unstable_if action=reinterpret pc=0x0000000003850e60 method=java.util.concurrent.ThreadPoolExecutor.getTask()Ljava/lang/Runnable; @ 16
Event: 293.192 Thread 0x000000001fc5f800 Uncommon trap: reason=unstable_if action=reinterpret pc=0x0000000006130930 method=java.util.concurrent.ConcurrentHashMap.addCount(JI)V @ 68
Event: 293.413 Thread 0x000000001fc57000 Uncommon trap: reason=unstable_if action=reinterpret pc=0x00000000069249c8 method=com.android.tools.r8.ir.conversion.JarState.mergeStacks(Lcom/android/tools/r8/com/google/common/collect/ImmutableList;Lcom/android/tools/r8/com/google/common/collect/Immutab

Internal exceptions (10 events):
Event: 291.552 Thread 0x000000001c280000 Exception <a 'sun/nio/fs/WindowsException'> (0x00000000e7dffbe0) thrown at [C:\re\workspace\8-2-build-windows-amd64-cygwin\jdk8u144\9417\hotspot\src\share\vm\prims\jni.cpp, line 709]
Event: 291.552 Thread 0x000000001c280000 Exception <a 'sun/nio/fs/WindowsException'> (0x00000000e7e01138) thrown at [C:\re\workspace\8-2-build-windows-amd64-cygwin\jdk8u144\9417\hotspot\src\share\vm\prims\jni.cpp, line 709]
Event: 291.695 Thread 0x000000001fc63000 Implicit null exception at 0x00000000065f9086 to 0x00000000065f960d
Event: 291.724 Thread 0x000000001c280000 Exception <a 'sun/nio/fs/WindowsException'> (0x00000000e7e2c5f0) thrown at [C:\re\workspace\8-2-build-windows-amd64-cygwin\jdk8u144\9417\hotspot\src\share\vm\prims\jni.cpp, line 709]
Event: 291.724 Thread 0x000000001c280000 Exception <a 'sun/nio/fs/WindowsException'> (0x00000000e7e2d140) thrown at [C:\re\workspace\8-2-build-windows-amd64-cygwin\jdk8u144\9417\hotspot\src\share\vm\prims\jni.cpp, line 709]
Event: 291.724 Thread 0x000000001c280000 Exception <a 'sun/nio/fs/WindowsException'> (0x00000000e7e2e698) thrown at [C:\re\workspace\8-2-build-windows-amd64-cygwin\jdk8u144\9417\hotspot\src\share\vm\prims\jni.cpp, line 709]
Event: 292.199 Thread 0x000000001c280000 Exception <a 'sun/nio/fs/WindowsException'> (0x00000000e971d8d0) thrown at [C:\re\workspace\8-2-build-windows-amd64-cygwin\jdk8u144\9417\hotspot\src\share\vm\prims\jni.cpp, line 709]
Event: 293.041 Thread 0x000000001c280000 Exception <a 'sun/nio/fs/WindowsException'> (0x00000000e9750eb0) thrown at [C:\re\workspace\8-2-build-windows-amd64-cygwin\jdk8u144\9417\hotspot\src\share\vm\prims\jni.cpp, line 709]
Event: 293.143 Thread 0x000000001c280000 Exception <a 'sun/nio/fs/WindowsException'> (0x00000000f1044d98) thrown at [C:\re\workspace\8-2-build-windows-amd64-cygwin\jdk8u144\9417\hotspot\src\share\vm\prims\jni.cpp, line 709]
Event: 293.192 Thread 0x000000001fc5f800 Implicit null exception at 0x000000000612f914 to 0x0000000006130919

Events (10 events):
Event: 293.427 Executing VM operation: RevokeBias
Event: 293.427 Executing VM operation: RevokeBias done
Event: 293.442 Thread 0x000000001fc57000 DEOPT PACKING pc=0x000000000667cdbb sp=0x0000000028c6ebb0
Event: 293.442 Thread 0x000000001fc57000 DEOPT UNPACKING pc=0x000000000365787f sp=0x0000000028c6e8e8 mode 0
Event: 293.443 Thread 0x000000001fc57000 DEOPT PACKING pc=0x0000000006662cc4 sp=0x0000000028c6ea40
Event: 293.443 Thread 0x000000001fc57000 DEOPT UNPACKING pc=0x000000000365787f sp=0x0000000028c6e750 mode 0
Event: 293.447 Thread 0x000000001fc57000 DEOPT PACKING pc=0x0000000006635ac8 sp=0x0000000028c6ee60
Event: 293.447 Thread 0x000000001fc57000 DEOPT UNPACKING pc=0x000000000365787f sp=0x0000000028c6ec48 mode 0
Event: 293.447 Thread 0x000000001fc61800 DEOPT PACKING pc=0x00000000066c6901 sp=0x0000000028e6ef50
Event: 293.447 Thread 0x000000001fc61800 DEOPT UNPACKING pc=0x000000000365787f sp=0x0000000028e6ed78 mode 0


Dynamic libraries:
0x00007ff654930000 - 0x00007ff654967000 	C:\Program Files\Java\jdk1.8.0_144\bin\java.exe
0x00007ffc43c60000 - 0x00007ffc43e41000 	C:\WINDOWS\SYSTEM32\ntdll.dll
0x00007ffc41350000 - 0x00007ffc41402000 	C:\WINDOWS\System32\KERNEL32.DLL
0x00007ffc40ab0000 - 0x00007ffc40d23000 	C:\WINDOWS\System32\KERNELBASE.dll
0x00007ffc436f0000 - 0x00007ffc43791000 	C:\WINDOWS\System32\ADVAPI32.dll
0x00007ffc411a0000 - 0x00007ffc4123e000 	C:\WINDOWS\System32\msvcrt.dll
0x00007ffc412f0000 - 0x00007ffc4134b000 	C:\WINDOWS\System32\sechost.dll
0x00007ffc43090000 - 0x00007ffc431b4000 	C:\WINDOWS\System32\RPCRT4.dll
0x00007ffc42f00000 - 0x00007ffc43090000 	C:\WINDOWS\System32\USER32.dll
0x00007ffc40d30000 - 0x00007ffc40d50000 	C:\WINDOWS\System32\win32u.dll
0x00007ffc41100000 - 0x00007ffc41128000 	C:\WINDOWS\System32\GDI32.dll
0x00007ffc40030000 - 0x00007ffc401c2000 	C:\WINDOWS\System32\gdi32full.dll
0x00007ffc409c0000 - 0x00007ffc40a5f000 	C:\WINDOWS\System32\msvcp_win.dll
0x00007ffc40f40000 - 0x00007ffc4103a000 	C:\WINDOWS\System32\ucrtbase.dll
0x00007ffc32c80000 - 0x00007ffc32ee9000 	C:\WINDOWS\WinSxS\amd64_microsoft.windows.common-controls_6595b64144ccf1df_6.0.17134.165_none_fb429645306569ac\COMCTL32.dll
0x00007ffc428f0000 - 0x00007ffc42c13000 	C:\WINDOWS\System32\combase.dll
0x00007ffc40940000 - 0x00007ffc409ba000 	C:\WINDOWS\System32\bcryptPrimitives.dll
0x00007ffc43940000 - 0x00007ffc4396d000 	C:\WINDOWS\System32\IMM32.DLL
0x0000000067290000 - 0x0000000067362000 	C:\Program Files\Java\jdk1.8.0_144\jre\bin\msvcr100.dll
0x0000000064160000 - 0x00000000649fd000 	C:\Program Files\Java\jdk1.8.0_144\jre\bin\server\jvm.dll
0x00007ffc41130000 - 0x00007ffc41138000 	C:\WINDOWS\System32\PSAPI.DLL
0x00007ffc3e580000 - 0x00007ffc3e58a000 	C:\WINDOWS\SYSTEM32\VERSION.dll
0x00007ffc35310000 - 0x00007ffc35333000 	C:\WINDOWS\SYSTEM32\WINMM.dll
0x00007ffc350e0000 - 0x00007ffc3510a000 	C:\WINDOWS\SYSTEM32\winmmbase.dll
0x00007ffc33fb0000 - 0x00007ffc33fb9000 	C:\WINDOWS\SYSTEM32\WSOCK32.dll
0x00007ffc43680000 - 0x00007ffc436ec000 	C:\WINDOWS\System32\WS2_32.dll
0x00007ffc40a60000 - 0x00007ffc40aa9000 	C:\WINDOWS\System32\cfgmgr32.dll
0x0000000067480000 - 0x000000006748f000 	C:\Program Files\Java\jdk1.8.0_144\jre\bin\verify.dll
0x0000000067450000 - 0x0000000067479000 	C:\Program Files\Java\jdk1.8.0_144\jre\bin\java.dll
0x0000000067270000 - 0x0000000067286000 	C:\Program Files\Java\jdk1.8.0_144\jre\bin\zip.dll
0x00007ffc414b0000 - 0x00007ffc428f0000 	C:\WINDOWS\System32\SHELL32.dll
0x00007ffc41240000 - 0x00007ffc412e9000 	C:\WINDOWS\System32\shcore.dll
0x00007ffc401d0000 - 0x00007ffc408dd000 	C:\WINDOWS\System32\windows.storage.dll
0x00007ffc43a40000 - 0x00007ffc43a91000 	C:\WINDOWS\System32\shlwapi.dll
0x00007ffc3ff70000 - 0x00007ffc3ff81000 	C:\WINDOWS\System32\kernel.appcore.dll
0x00007ffc3ffb0000 - 0x00007ffc3ffcf000 	C:\WINDOWS\System32\profapi.dll
0x00007ffc3ffe0000 - 0x00007ffc4002c000 	C:\WINDOWS\System32\powrprof.dll
0x00007ffc3ffd0000 - 0x00007ffc3ffda000 	C:\WINDOWS\System32\FLTLIB.DLL
0x0000000067250000 - 0x000000006726a000 	C:\Program Files\Java\jdk1.8.0_144\jre\bin\net.dll
0x00007ffc3f7f0000 - 0x00007ffc3f856000 	C:\WINDOWS\system32\mswsock.dll
0x0000000067230000 - 0x0000000067241000 	C:\Program Files\Java\jdk1.8.0_144\jre\bin\nio.dll
0x00007ffc1d980000 - 0x00007ffc1d99e000 	C:\Users\SERIN\.gradle\native\25\windows-amd64\native-platform.dll
0x0000000067220000 - 0x000000006722d000 	C:\Program Files\Java\jdk1.8.0_144\jre\bin\management.dll
0x00007ffc3f9a0000 - 0x00007ffc3f9b7000 	C:\WINDOWS\SYSTEM32\CRYPTSP.dll
0x00007ffc3f370000 - 0x00007ffc3f3a3000 	C:\WINDOWS\system32\rsaenh.dll
0x00007ffc3fad0000 - 0x00007ffc3faf5000 	C:\WINDOWS\SYSTEM32\bcrypt.dll
0x00007ffc3fe70000 - 0x00007ffc3fe98000 	C:\WINDOWS\SYSTEM32\USERENV.dll
0x00007ffc3f9c0000 - 0x00007ffc3f9cb000 	C:\WINDOWS\SYSTEM32\CRYPTBASE.dll
0x00007ffc3f570000 - 0x00007ffc3f5a8000 	C:\WINDOWS\SYSTEM32\IPHLPAPI.DLL
0x00007ffc410f0000 - 0x00007ffc410f8000 	C:\WINDOWS\System32\NSI.dll
0x00007ffc37cb0000 - 0x00007ffc37cc6000 	C:\WINDOWS\SYSTEM32\dhcpcsvc6.DLL
0x00007ffc37c50000 - 0x00007ffc37c6a000 	C:\WINDOWS\SYSTEM32\dhcpcsvc.DLL
0x00000000671f0000 - 0x0000000067214000 	C:\Program Files\Java\jdk1.8.0_144\jre\bin\sunec.dll
0x00007ffc3f5b0000 - 0x00007ffc3f66e000 	C:\WINDOWS\SYSTEM32\DNSAPI.dll
0x00007ffc37c70000 - 0x00007ffc37c7a000 	C:\Windows\System32\rasadhlp.dll
0x00007ffc37e90000 - 0x00007ffc37f02000 	C:\WINDOWS\System32\fwpuclnt.dll
0x00000000671e0000 - 0x00000000671eb000 	C:\Program Files\Java\jdk1.8.0_144\jre\bin\sunmscapi.dll
0x00007ffc40d50000 - 0x00007ffc40f32000 	C:\WINDOWS\System32\CRYPT32.dll
0x00007ffc3ff90000 - 0x00007ffc3ffa2000 	C:\WINDOWS\System32\MSASN1.dll
0x00007ffc32790000 - 0x00007ffc327ae000 	C:\Users\SERIN\AppData\Local\Temp\native-platform6464244457130399269dir\native-platform.dll
0x00007ffc3f090000 - 0x00007ffc3f0c1000 	C:\WINDOWS\SYSTEM32\ntmarta.dll

VM Arguments:
jvm_args: -Xmx1536m -Dfile.encoding=x-windows-949 -Duser.country=KR -Duser.language=ko -Duser.variant 
java_command: org.gradle.launcher.daemon.bootstrap.GradleDaemon 4.4
java_class_path (initial): C:\Users\SERIN\.gradle\wrapper\dists\gradle-4.4-all\9br9xq1tocpiv8o6njlyu5op1\gradle-4.4\lib\gradle-launcher-4.4.jar
Launcher Type: SUN_STANDARD

Environment Variables:
JAVA_HOME=C:\Program Files\Java\jdk-10
PATH=C:\ProgramData\Oracle\Java\javapath;C:\oraclexe\app\oracle\product\11.2.0\server\bin;"C:\Program Files\Java\jdk-10\bin;C:\ProgramData\Oracle\Java\javapath";C:\Program Files (x86)\Intel\iCLS Client\;C:\Program Files\Intel\iCLS Client\;C:\WINDOWS\system32;C:\WINDOWS;C:\WINDOWS\System32\Wbem;C:\WINDOWS\System32\WindowsPowerShell\v1.0\;C:\Program Files (x86)\Intel\Intel(R) Management Engine Components\DAL;C:\Program Files\Intel\Intel(R) Management Engine Components\DAL;C:\Program Files (x86)\Intel\Intel(R) Management Engine Components\IPT;C:\Program Files\Intel\Intel(R) Management Engine Components\IPT;C:\Program Files (x86)\GtkSharp\2.12\bin;C:\Program Files\nodejs\;C:\Program Files (x86)\Windows Kits\10\Windows Performance Toolkit\;C:\Program Files\MySQL\MySQL Utilities 1.6\;C:\WINDOWS\System32\OpenSSH\;C:\Program Files\Intel\WiFi\bin\;C:\Program Files\Common Files\Intel\WirelessCommon\;C:\Program Files\Java\jdk-10\bin;C:\Users\SERIN\AppData\Roaming\npm;C:\Program Files\Bandizip\;C:\Users\SERIN\AppData\Local\Microsoft\WindowsApps;
USERNAME=SERIN
OS=Windows_NT
PROCESSOR_IDENTIFIER=Intel64 Family 6 Model 142 Stepping 9, GenuineIntel



---------------  S Y S T E M  ---------------

OS: Windows 10.0 , 64 bit Build 17134 (10.0.17134.1)

CPU:total 4 (initial active 4) (2 cores per cpu, 2 threads per core) family 6 model 142 stepping 9, cmov, cx8, fxsr, mmx, sse, sse2, sse3, ssse3, sse4.1, sse4.2, popcnt, avx, avx2, aes, clmul, erms, 3dnowpref, lzcnt, ht, tsc, tscinvbit, bmi1, bmi2, adx

Memory: 4k page, physical 8300268k(641656k free), swap 11372268k(4608k free)

vm_info: Java HotSpot(TM) 64-Bit Server VM (25.144-b01) for windows-amd64 JRE (1.8.0_144-b01), built on Jul 21 2017 21:57:33 by "java_re" with MS VC++ 10.0 (VS2010)

time: Fri Jul 13 17:34:52 2018
elapsed time: 293 seconds (0d 0h 4m 53s)

